<?xml version="1.0" encoding="UTF-8"?>
<testsuite xmlns:xsi="http://www.w3.org/2001/XMLSchema-instance" xsi:noNamespaceSchemaLocation="https://maven.apache.org/surefire/maven-surefire-plugin/xsd/surefire-test-report.xsd" name="com.nema.kafka.MySourceConnectorTest" time="0.003" tests="2" errors="0" skipped="0" failures="0">
  <properties>
    <property name="sun.desktop" value="gnome"/>
    <property name="awt.toolkit" value="sun.awt.X11.XToolkit"/>
    <property name="file.encoding.pkg" value="sun.io"/>
    <property name="java.specification.version" value="1.8"/>
    <property name="sun.cpu.isalist" value=""/>
    <property name="sun.jnu.encoding" value="UTF-8"/>
    <property name="java.class.path" value="/home/t/Documents/IdeaProjects/kafkaconnectproject/target/test-classes:/home/t/Documents/IdeaProjects/kafkaconnectproject/target/classes:/home/t/.m2/repository/org/apache/kafka/connect-api/0.11.0.0/connect-api-0.11.0.0.jar:/home/t/.m2/repository/org/apache/kafka/kafka-clients/0.11.0.0/kafka-clients-0.11.0.0.jar:/home/t/.m2/repository/net/jpountz/lz4/lz4/1.3.0/lz4-1.3.0.jar:/home/t/.m2/repository/org/xerial/snappy/snappy-java/1.1.2.6/snappy-java-1.1.2.6.jar:/home/t/.m2/repository/org/slf4j/slf4j-api/1.7.25/slf4j-api-1.7.25.jar:/home/t/.m2/repository/org/apache/xmlrpc/xmlrpc-common/3.1/xmlrpc-common-3.1.jar:/home/t/.m2/repository/org/apache/xmlrpc/xmlrpc-client/3.1.3/xmlrpc-client-3.1.3.jar:/home/t/.m2/repository/org/apache/ws/commons/util/ws-commons-util/1.0.2/ws-commons-util-1.0.2.jar:/home/t/.m2/repository/junit/junit/3.8.1/junit-3.8.1.jar:/home/t/.m2/repository/xml-apis/xml-apis/1.0.b2/xml-apis-1.0.b2.jar:/home/t/.m2/repository/org/apache/xmlrpc/xmlrpc-server/3.1.3/xmlrpc-server-3.1.3.jar:/home/t/.m2/repository/commons-logging/commons-logging/1.2/commons-logging-1.2.jar:/home/t/.m2/repository/com/google/code/gson/gson/2.8.6/gson-2.8.6.jar:/home/t/.m2/repository/org/json/json/20190722/json-20190722.jar:/home/t/.m2/repository/com/alibaba/fastjson/1.2.62/fastjson-1.2.62.jar:/home/t/.m2/repository/com/fasterxml/jackson/core/jackson-databind/2.8.5/jackson-databind-2.8.5.jar:/home/t/.m2/repository/com/fasterxml/jackson/core/jackson-annotations/2.8.0/jackson-annotations-2.8.0.jar:/home/t/.m2/repository/com/fasterxml/jackson/core/jackson-core/2.8.5/jackson-core-2.8.5.jar:/home/t/.m2/repository/org/reflections/reflections/0.9.10/reflections-0.9.10.jar:/home/t/.m2/repository/org/javassist/javassist/3.19.0-GA/javassist-3.19.0-GA.jar:/home/t/.m2/repository/com/google/code/findbugs/annotations/2.0.1/annotations-2.0.1.jar:/home/t/.m2/repository/com/google/guava/guava/18.0/guava-18.0.jar:/home/t/.m2/repository/com/github/jcustenborder/kafka/connect/connect-utils/0.3.148/connect-utils-0.3.148.jar:/home/t/.m2/repository/org/freemarker/freemarker/2.3.25-incubating/freemarker-2.3.25-incubating.jar:/home/t/.m2/repository/com/github/jcustenborder/docker-compose-junit-extension/0.0.1.2/docker-compose-junit-extension-0.0.1.2.jar:/home/t/.m2/repository/com/palantir/docker/compose/docker-compose-rule-core/0.34.0/docker-compose-rule-core-0.34.0.jar:/home/t/.m2/repository/com/jayway/awaitility/awaitility/1.6.5/awaitility-1.6.5.jar:/home/t/.m2/repository/org/hamcrest/hamcrest-library/1.3/hamcrest-library-1.3.jar:/home/t/.m2/repository/cglib/cglib-nodep/3.1/cglib-nodep-3.1.jar:/home/t/.m2/repository/com/github/zafarkhaja/java-semver/0.9.0/java-semver-0.9.0.jar:/home/t/.m2/repository/commons-io/commons-io/2.4/commons-io-2.4.jar:/home/t/.m2/repository/joda-time/joda-time/2.9.1/joda-time-2.9.1.jar:/home/t/.m2/repository/org/apache/commons/commons-lang3/3.0/commons-lang3-3.0.jar:/home/t/.m2/repository/org/hamcrest/hamcrest-all/1.3/hamcrest-all-1.3.jar:/home/t/.m2/repository/org/hamcrest/hamcrest-core/1.3/hamcrest-core-1.3.jar:/home/t/.m2/repository/com/github/jcustenborder/kafka/connect/connect-utils-testing/0.3.148/connect-utils-testing-0.3.148.jar:/home/t/.m2/repository/com/opencsv/opencsv/3.10/opencsv-3.10.jar:/home/t/.m2/repository/commons-beanutils/commons-beanutils/1.9.3/commons-beanutils-1.9.3.jar:/home/t/.m2/repository/commons-collections/commons-collections/3.2.2/commons-collections-3.2.2.jar:/home/t/.m2/repository/org/junit/jupiter/junit-jupiter-engine/5.2.0/junit-jupiter-engine-5.2.0.jar:/home/t/.m2/repository/org/apiguardian/apiguardian-api/1.0.0/apiguardian-api-1.0.0.jar:/home/t/.m2/repository/org/junit/platform/junit-platform-engine/1.2.0/junit-platform-engine-1.2.0.jar:/home/t/.m2/repository/org/junit/jupiter/junit-jupiter-api/5.2.0/junit-jupiter-api-5.2.0.jar:/home/t/.m2/repository/org/opentest4j/opentest4j/1.1.0/opentest4j-1.1.0.jar:/home/t/.m2/repository/org/junit/platform/junit-platform-commons/1.2.0/junit-platform-commons-1.2.0.jar:/home/t/.m2/repository/org/mockito/mockito-core/2.6.3/mockito-core-2.6.3.jar:/home/t/.m2/repository/net/bytebuddy/byte-buddy/1.6.2/byte-buddy-1.6.2.jar:/home/t/.m2/repository/net/bytebuddy/byte-buddy-agent/1.6.2/byte-buddy-agent-1.6.2.jar:/home/t/.m2/repository/org/objenesis/objenesis/2.5/objenesis-2.5.jar:/home/t/.m2/repository/ch/qos/logback/logback-classic/1.1.8/logback-classic-1.1.8.jar:/home/t/.m2/repository/ch/qos/logback/logback-core/1.1.8/logback-core-1.1.8.jar:"/>
    <property name="java.vm.vendor" value="Oracle Corporation"/>
    <property name="sun.arch.data.model" value="64"/>
    <property name="java.vendor.url" value="http://java.oracle.com/"/>
    <property name="user.timezone" value=""/>
    <property name="java.vm.specification.version" value="1.8"/>
    <property name="os.name" value="Linux"/>
    <property name="user.country" value="US"/>
    <property name="sun.java.launcher" value="SUN_STANDARD"/>
    <property name="sun.boot.library.path" value="/usr/lib/jvm/jdk1.8.0_221/jre/lib/amd64"/>
    <property name="sun.java.command" value="/home/t/Documents/IdeaProjects/kafkaconnectproject/target/surefire/surefirebooter2027520645396230749.jar /home/t/Documents/IdeaProjects/kafkaconnectproject/target/surefire 2019-11-04T10-53-38_281-jvmRun1 surefire587837172537314575tmp surefire_09185944919902062118tmp"/>
    <property name="surefire.test.class.path" value="/home/t/Documents/IdeaProjects/kafkaconnectproject/target/test-classes:/home/t/Documents/IdeaProjects/kafkaconnectproject/target/classes:/home/t/.m2/repository/org/apache/kafka/connect-api/0.11.0.0/connect-api-0.11.0.0.jar:/home/t/.m2/repository/org/apache/kafka/kafka-clients/0.11.0.0/kafka-clients-0.11.0.0.jar:/home/t/.m2/repository/net/jpountz/lz4/lz4/1.3.0/lz4-1.3.0.jar:/home/t/.m2/repository/org/xerial/snappy/snappy-java/1.1.2.6/snappy-java-1.1.2.6.jar:/home/t/.m2/repository/org/slf4j/slf4j-api/1.7.25/slf4j-api-1.7.25.jar:/home/t/.m2/repository/org/apache/xmlrpc/xmlrpc-common/3.1/xmlrpc-common-3.1.jar:/home/t/.m2/repository/org/apache/xmlrpc/xmlrpc-client/3.1.3/xmlrpc-client-3.1.3.jar:/home/t/.m2/repository/org/apache/ws/commons/util/ws-commons-util/1.0.2/ws-commons-util-1.0.2.jar:/home/t/.m2/repository/junit/junit/3.8.1/junit-3.8.1.jar:/home/t/.m2/repository/xml-apis/xml-apis/1.0.b2/xml-apis-1.0.b2.jar:/home/t/.m2/repository/org/apache/xmlrpc/xmlrpc-server/3.1.3/xmlrpc-server-3.1.3.jar:/home/t/.m2/repository/commons-logging/commons-logging/1.2/commons-logging-1.2.jar:/home/t/.m2/repository/com/google/code/gson/gson/2.8.6/gson-2.8.6.jar:/home/t/.m2/repository/org/json/json/20190722/json-20190722.jar:/home/t/.m2/repository/com/alibaba/fastjson/1.2.62/fastjson-1.2.62.jar:/home/t/.m2/repository/com/fasterxml/jackson/core/jackson-databind/2.8.5/jackson-databind-2.8.5.jar:/home/t/.m2/repository/com/fasterxml/jackson/core/jackson-annotations/2.8.0/jackson-annotations-2.8.0.jar:/home/t/.m2/repository/com/fasterxml/jackson/core/jackson-core/2.8.5/jackson-core-2.8.5.jar:/home/t/.m2/repository/org/reflections/reflections/0.9.10/reflections-0.9.10.jar:/home/t/.m2/repository/org/javassist/javassist/3.19.0-GA/javassist-3.19.0-GA.jar:/home/t/.m2/repository/com/google/code/findbugs/annotations/2.0.1/annotations-2.0.1.jar:/home/t/.m2/repository/com/google/guava/guava/18.0/guava-18.0.jar:/home/t/.m2/repository/com/github/jcustenborder/kafka/connect/connect-utils/0.3.148/connect-utils-0.3.148.jar:/home/t/.m2/repository/org/freemarker/freemarker/2.3.25-incubating/freemarker-2.3.25-incubating.jar:/home/t/.m2/repository/com/github/jcustenborder/docker-compose-junit-extension/0.0.1.2/docker-compose-junit-extension-0.0.1.2.jar:/home/t/.m2/repository/com/palantir/docker/compose/docker-compose-rule-core/0.34.0/docker-compose-rule-core-0.34.0.jar:/home/t/.m2/repository/com/jayway/awaitility/awaitility/1.6.5/awaitility-1.6.5.jar:/home/t/.m2/repository/org/hamcrest/hamcrest-library/1.3/hamcrest-library-1.3.jar:/home/t/.m2/repository/cglib/cglib-nodep/3.1/cglib-nodep-3.1.jar:/home/t/.m2/repository/com/github/zafarkhaja/java-semver/0.9.0/java-semver-0.9.0.jar:/home/t/.m2/repository/commons-io/commons-io/2.4/commons-io-2.4.jar:/home/t/.m2/repository/joda-time/joda-time/2.9.1/joda-time-2.9.1.jar:/home/t/.m2/repository/org/apache/commons/commons-lang3/3.0/commons-lang3-3.0.jar:/home/t/.m2/repository/org/hamcrest/hamcrest-all/1.3/hamcrest-all-1.3.jar:/home/t/.m2/repository/org/hamcrest/hamcrest-core/1.3/hamcrest-core-1.3.jar:/home/t/.m2/repository/com/github/jcustenborder/kafka/connect/connect-utils-testing/0.3.148/connect-utils-testing-0.3.148.jar:/home/t/.m2/repository/com/opencsv/opencsv/3.10/opencsv-3.10.jar:/home/t/.m2/repository/commons-beanutils/commons-beanutils/1.9.3/commons-beanutils-1.9.3.jar:/home/t/.m2/repository/commons-collections/commons-collections/3.2.2/commons-collections-3.2.2.jar:/home/t/.m2/repository/org/junit/jupiter/junit-jupiter-engine/5.2.0/junit-jupiter-engine-5.2.0.jar:/home/t/.m2/repository/org/apiguardian/apiguardian-api/1.0.0/apiguardian-api-1.0.0.jar:/home/t/.m2/repository/org/junit/platform/junit-platform-engine/1.2.0/junit-platform-engine-1.2.0.jar:/home/t/.m2/repository/org/junit/jupiter/junit-jupiter-api/5.2.0/junit-jupiter-api-5.2.0.jar:/home/t/.m2/repository/org/opentest4j/opentest4j/1.1.0/opentest4j-1.1.0.jar:/home/t/.m2/repository/org/junit/platform/junit-platform-commons/1.2.0/junit-platform-commons-1.2.0.jar:/home/t/.m2/repository/org/mockito/mockito-core/2.6.3/mockito-core-2.6.3.jar:/home/t/.m2/repository/net/bytebuddy/byte-buddy/1.6.2/byte-buddy-1.6.2.jar:/home/t/.m2/repository/net/bytebuddy/byte-buddy-agent/1.6.2/byte-buddy-agent-1.6.2.jar:/home/t/.m2/repository/org/objenesis/objenesis/2.5/objenesis-2.5.jar:/home/t/.m2/repository/ch/qos/logback/logback-classic/1.1.8/logback-classic-1.1.8.jar:/home/t/.m2/repository/ch/qos/logback/logback-core/1.1.8/logback-core-1.1.8.jar:"/>
    <property name="sun.cpu.endian" value="little"/>
    <property name="user.home" value="/home/t"/>
    <property name="user.language" value="en"/>
    <property name="java.specification.vendor" value="Oracle Corporation"/>
    <property name="java.home" value="/usr/lib/jvm/jdk1.8.0_221/jre"/>
    <property name="basedir" value="/home/t/Documents/IdeaProjects/kafkaconnectproject"/>
    <property name="file.separator" value="/"/>
    <property name="line.separator" value="&#10;"/>
    <property name="java.vm.specification.vendor" value="Oracle Corporation"/>
    <property name="java.specification.name" value="Java Platform API Specification"/>
    <property name="java.awt.graphicsenv" value="sun.awt.X11GraphicsEnvironment"/>
    <property name="surefire.real.class.path" value="/home/t/Documents/IdeaProjects/kafkaconnectproject/target/surefire/surefirebooter2027520645396230749.jar"/>
    <property name="sun.boot.class.path" value="/usr/lib/jvm/jdk1.8.0_221/jre/lib/resources.jar:/usr/lib/jvm/jdk1.8.0_221/jre/lib/rt.jar:/usr/lib/jvm/jdk1.8.0_221/jre/lib/sunrsasign.jar:/usr/lib/jvm/jdk1.8.0_221/jre/lib/jsse.jar:/usr/lib/jvm/jdk1.8.0_221/jre/lib/jce.jar:/usr/lib/jvm/jdk1.8.0_221/jre/lib/charsets.jar:/usr/lib/jvm/jdk1.8.0_221/jre/lib/jfr.jar:/usr/lib/jvm/jdk1.8.0_221/jre/classes"/>
    <property name="sun.management.compiler" value="HotSpot 64-Bit Tiered Compilers"/>
    <property name="java.runtime.version" value="1.8.0_221-b11"/>
    <property name="user.name" value="t"/>
    <property name="path.separator" value=":"/>
    <property name="os.version" value="4.15.0-66-generic"/>
    <property name="java.endorsed.dirs" value="/usr/lib/jvm/jdk1.8.0_221/jre/lib/endorsed"/>
    <property name="java.runtime.name" value="Java(TM) SE Runtime Environment"/>
    <property name="file.encoding" value="UTF-8"/>
    <property name="java.vm.name" value="Java HotSpot(TM) 64-Bit Server VM"/>
    <property name="localRepository" value="/home/t/.m2/repository"/>
    <property name="java.vendor.url.bug" value="http://bugreport.sun.com/bugreport/"/>
    <property name="java.io.tmpdir" value="/tmp"/>
    <property name="java.version" value="1.8.0_221"/>
    <property name="user.dir" value="/home/t/Documents/IdeaProjects/kafkaconnectproject"/>
    <property name="os.arch" value="amd64"/>
    <property name="java.vm.specification.name" value="Java Virtual Machine Specification"/>
    <property name="java.awt.printerjob" value="sun.print.PSPrinterJob"/>
    <property name="sun.os.patch.level" value="unknown"/>
    <property name="java.library.path" value="/usr/java/packages/lib/amd64:/usr/lib64:/lib64:/lib:/usr/lib"/>
    <property name="java.vm.info" value="mixed mode"/>
    <property name="java.vendor" value="Oracle Corporation"/>
    <property name="java.vm.version" value="25.221-b11"/>
    <property name="java.ext.dirs" value="/usr/lib/jvm/jdk1.8.0_221/jre/lib/ext:/usr/java/packages/lib/ext"/>
    <property name="sun.io.unicode.encoding" value="UnicodeLittle"/>
    <property name="java.class.version" value="52.0"/>
  </properties>
  <testcase name="taskConfigsShouldReturnOneTaskConfig" classname="com.nema.kafka.MySourceConnectorTest" time="0.001"/>
  <testcase name="taskReturn" classname="com.nema.kafka.MySourceConnectorTest" time="0"/>
</testsuite>